<?xml version="1.0" encoding="UTF-8"?>
<!-- Generated by org.testng.reporters.JUnitReportReporter -->
<testsuite hostname="piotr-TP" failures="0" tests="6" name="pl.edu.agh.kis.pz1.util.DeckTest" time="0.003" errors="0" timestamp="2022-11-30T10:48:27 CET" skipped="0">
  <testcase classname="pl.edu.agh.kis.pz1.util.DeckTest" name="shouldGetCardsTwice" time="0.000"/>
  <system-out/>
  <testcase classname="pl.edu.agh.kis.pz1.util.DeckTest" name="shouldResetDeck" time="0.000"/>
  <system-out/>
  <testcase classname="pl.edu.agh.kis.pz1.util.DeckTest" name="shouldCreateDeckObject" time="0.000"/>
  <system-out/>
  <testcase classname="pl.edu.agh.kis.pz1.util.DeckTest" name="shouldGetDifferentCards" time="0.003"/>
  <system-out/>
  <testcase classname="pl.edu.agh.kis.pz1.util.DeckTest" name="shouldGetCards" time="0.000"/>
  <system-out/>
  <testcase classname="pl.edu.agh.kis.pz1.util.DeckTest" name="shouldShuffleDeck" time="0.000"/>
  <system-out/>
</testsuite> <!-- pl.edu.agh.kis.pz1.util.DeckTest -->
