<?xml version="1.0" encoding="UTF-8"?>
<!-- Generated by org.testng.reporters.JUnitReportReporter -->
<testsuite hostname="piotr-TP" failures="0" tests="25" name="pl.edu.agh.kis.pz1.util.HandTest" time="0.022" errors="0" timestamp="2022-11-30T10:27:52 CET" skipped="0">
  <testcase classname="pl.edu.agh.kis.pz1.util.HandTest" name="testGetCards" time="0.001"/>
  <system-out/>
  <testcase classname="pl.edu.agh.kis.pz1.util.HandTest" name="testHasFourOfAKind" time="0.001"/>
  <system-out/>
  <testcase classname="pl.edu.agh.kis.pz1.util.HandTest" name="testHasThreeOfAKind" time="0.000"/>
  <system-out/>
  <testcase classname="pl.edu.agh.kis.pz1.util.HandTest" name="testChangeCard" time="0.001"/>
  <system-out/>
  <testcase classname="pl.edu.agh.kis.pz1.util.HandTest" name="testCalculateValueForFullHouse" time="0.001"/>
  <system-out/>
  <testcase classname="pl.edu.agh.kis.pz1.util.HandTest" name="testCalculateValueForThreeOfAKind" time="0.000"/>
  <system-out/>
  <testcase classname="pl.edu.agh.kis.pz1.util.HandTest" name="testCalculateValueForFourOfAKind" time="0.000"/>
  <system-out/>
  <testcase classname="pl.edu.agh.kis.pz1.util.HandTest" name="testHand" time="0.002"/>
  <system-out/>
  <testcase classname="pl.edu.agh.kis.pz1.util.HandTest" name="testCalculateValueForStraight" time="0.000"/>
  <system-out/>
  <testcase classname="pl.edu.agh.kis.pz1.util.HandTest" name="testHasStraightFlush" time="0.001"/>
  <system-out/>
  <testcase classname="pl.edu.agh.kis.pz1.util.HandTest" name="testCalculateValueForFlush" time="0.000"/>
  <system-out/>
  <testcase classname="pl.edu.agh.kis.pz1.util.HandTest" name="testHasFlush" time="0.000"/>
  <system-out/>
  <testcase classname="pl.edu.agh.kis.pz1.util.HandTest" name="testCalculateValueForTwoPairs" time="0.000"/>
  <system-out/>
  <testcase classname="pl.edu.agh.kis.pz1.util.HandTest" name="testHasStraight" time="0.001"/>
  <system-out/>
  <testcase classname="pl.edu.agh.kis.pz1.util.HandTest" name="testHasRoyalFlush" time="0.001"/>
  <system-out/>
  <testcase classname="pl.edu.agh.kis.pz1.util.HandTest" name="testAllTheSameColour" time="0.005"/>
  <system-out/>
  <testcase classname="pl.edu.agh.kis.pz1.util.HandTest" name="testHasFullHouse" time="0.001"/>
  <system-out/>
  <testcase classname="pl.edu.agh.kis.pz1.util.HandTest" name="testHasTwoPair" time="0.001"/>
  <system-out/>
  <testcase classname="pl.edu.agh.kis.pz1.util.HandTest" name="testCalculateValueForHighCard" time="0.001"/>
  <system-out/>
  <testcase classname="pl.edu.agh.kis.pz1.util.HandTest" name="testGetHandValue" time="0.001"/>
  <system-out/>
  <testcase classname="pl.edu.agh.kis.pz1.util.HandTest" name="testCalculateValueForPair" time="0.000"/>
  <system-out/>
  <testcase classname="pl.edu.agh.kis.pz1.util.HandTest" name="testCalculateValueForStraightFlush" time="0.001"/>
  <system-out/>
  <testcase classname="pl.edu.agh.kis.pz1.util.HandTest" name="testCompareTo" time="0.003"/>
  <system-out/>
  <testcase classname="pl.edu.agh.kis.pz1.util.HandTest" name="testHasPair" time="0.000"/>
  <system-out/>
  <testcase classname="pl.edu.agh.kis.pz1.util.HandTest" name="testToString" time="0.000"/>
  <system-out/>
</testsuite> <!-- pl.edu.agh.kis.pz1.util.HandTest -->
