<?xml version="1.0" encoding="UTF-8"?>
<!-- Generated by org.testng.reporters.JUnitReportReporter -->
<testsuite hostname="piotr-TP" failures="0" tests="8" name="pl.edu.agh.kis.pz1.PlayerTest" time="0.002" errors="0" timestamp="2022-11-28T23:57:52 CET" skipped="0">
  <testcase classname="pl.edu.agh.kis.pz1.PlayerTest" name="testGetNextRoundReady" time="0.000"/>
  <system-out/>
  <testcase classname="pl.edu.agh.kis.pz1.PlayerTest" name="testGetName" time="0.000"/>
  <system-out/>
  <testcase classname="pl.edu.agh.kis.pz1.PlayerTest" name="testGetMoney" time="0.000"/>
  <system-out/>
  <testcase classname="pl.edu.agh.kis.pz1.PlayerTest" name="testSetNextRoundReady" time="0.000"/>
  <system-out/>
  <testcase classname="pl.edu.agh.kis.pz1.PlayerTest" name="testPlayerCreation" time="0.001"/>
  <system-out/>
  <testcase classname="pl.edu.agh.kis.pz1.PlayerTest" name="testResetPlayerForNextRound" time="0.001"/>
  <system-out/>
  <testcase classname="pl.edu.agh.kis.pz1.PlayerTest" name="testGetKey" time="0.000"/>
  <system-out/>
  <testcase classname="pl.edu.agh.kis.pz1.PlayerTest" name="testSetName" time="0.000"/>
  <system-out/>
</testsuite> <!-- pl.edu.agh.kis.pz1.PlayerTest -->
