<?xml version="1.0" encoding="UTF-8"?>
<!-- Generated by org.testng.reporters.JUnitReportReporter -->
<testsuite hostname="piotr-TP" failures="0" tests="11" name="pl.edu.agh.kis.pz1.ServerTest" time="0.121" errors="0" timestamp="2022-11-29T17:23:15 CET" skipped="0">
  <testcase classname="pl.edu.agh.kis.pz1.ServerTest" name="testWriteMessageToAllClients" time="0.002"/>
  <system-out/>
  <testcase classname="pl.edu.agh.kis.pz1.ServerTest" name="testWriteMessageToClient" time="0.002"/>
  <system-out/>
  <testcase classname="pl.edu.agh.kis.pz1.ServerTest" name="testCardsChangeHandle" time="0.097"/>
  <system-out/>
  <testcase classname="pl.edu.agh.kis.pz1.ServerTest" name="testServerStart" time="0.002"/>
  <system-out/>
  <testcase classname="pl.edu.agh.kis.pz1.ServerTest" name="testServerHandleMultipleCommands2" time="0.002"/>
  <system-out/>
  <testcase classname="pl.edu.agh.kis.pz1.ServerTest" name="testHandleMultipleCommandsWhileInBettingPhase" time="0.002"/>
  <system-out/>
  <testcase classname="pl.edu.agh.kis.pz1.ServerTest" name="testServerHandleMultipleCommands" time="0.003"/>
  <system-out/>
  <testcase classname="pl.edu.agh.kis.pz1.ServerTest" name="testServerHandleCommands" time="0.003"/>
  <system-out/>
  <testcase classname="pl.edu.agh.kis.pz1.ServerTest" name="testServerCreation" time="0.004"/>
  <system-out/>
  <testcase classname="pl.edu.agh.kis.pz1.ServerTest" name="testHandleUsernameCommand" time="0.002"/>
  <system-out/>
  <testcase classname="pl.edu.agh.kis.pz1.ServerTest" name="testUsernameSetTest" time="0.002"/>
  <system-out/>
</testsuite> <!-- pl.edu.agh.kis.pz1.ServerTest -->
