<?xml version="1.0" encoding="UTF-8"?>
<!-- Generated by org.testng.reporters.JUnitReportReporter -->
<testsuite hostname="piotr-TP" failures="0" tests="3" name="pl.edu.agh.kis.pz1.ServerTest" time="0.093" errors="0" timestamp="2022-11-28T20:46:34 CET" skipped="0">
  <testcase classname="pl.edu.agh.kis.pz1.ServerTest" name="testServerCreation" time="0.089"/>
  <system-out/>
  <testcase classname="pl.edu.agh.kis.pz1.ServerTest" name="testServerHandleCommands" time="0.003"/>
  <system-out/>
  <testcase classname="pl.edu.agh.kis.pz1.ServerTest" name="testServerStart" time="0.001"/>
  <system-out/>
</testsuite> <!-- pl.edu.agh.kis.pz1.ServerTest -->
