<?xml version="1.0" encoding="UTF-8"?>
<!-- Generated by org.testng.reporters.JUnitReportReporter -->
<testsuite hostname="piotr-TP" failures="0" tests="1" name="pl.edu.agh.kis.pz1.GameTest" time="0.000" errors="0" timestamp="2022-11-28T13:00:19 CET" skipped="0">
  <testcase classname="pl.edu.agh.kis.pz1.GameTest" name="testGameCreation" time="0.000"/>
  <system-out/>
</testsuite> <!-- pl.edu.agh.kis.pz1.GameTest -->
