<?xml version="1.0" encoding="UTF-8"?>
<!-- Generated by org.testng.reporters.JUnitReportReporter -->
<testsuite hostname="piotr-TP" failures="0" tests="1" name="pl.edu.agh.kis.pz1.PlayerTest" time="0.000" errors="0" timestamp="2022-11-28T19:09:59 CET" skipped="0">
  <testcase classname="pl.edu.agh.kis.pz1.PlayerTest" name="testPlayerCreation" time="0.000"/>
  <system-out/>
</testsuite> <!-- pl.edu.agh.kis.pz1.PlayerTest -->
