<?xml version="1.0" encoding="UTF-8"?>
<!-- Generated by org.testng.reporters.JUnitReportReporter -->
<testsuite hostname="piotr-TP" failures="0" tests="1" name="pl.edu.agh.kis.pz1.Main2Test" time="0.027" errors="0" timestamp="2022-11-28T20:46:21 CET" skipped="0">
  <testcase classname="pl.edu.agh.kis.pz1.Main2Test" name="shouldCreateMainObject" time="0.027"/>
  <system-out/>
</testsuite> <!-- pl.edu.agh.kis.pz1.Main2Test -->
