<?xml version="1.0" encoding="UTF-8"?>
<!-- Generated by org.testng.reporters.JUnitReportReporter -->
<testsuite hostname="piotr-TP" failures="0" tests="1" name="pl.edu.agh.kis.pz1.PokerClientTest" time="0.004" errors="0" timestamp="2022-11-28T13:00:11 CET" skipped="0">
  <testcase classname="pl.edu.agh.kis.pz1.PokerClientTest" name="shouldCreatePokerClientObject" time="0.004"/>
  <system-out/>
</testsuite> <!-- pl.edu.agh.kis.pz1.PokerClientTest -->
