<?xml version="1.0" encoding="UTF-8"?>
<!-- Generated by org.testng.reporters.JUnitReportReporter -->
<testsuite hostname="piotr-TP" failures="0" tests="1" name="pl.edu.agh.kis.pz1.Main2Test" time="0.035" errors="0" timestamp="2022-11-27T20:25:50 CET" skipped="0">
  <testcase classname="pl.edu.agh.kis.pz1.Main2Test" name="shouldCreateMainObject" time="0.035"/>
  <system-out/>
</testsuite> <!-- pl.edu.agh.kis.pz1.Main2Test -->
