<?xml version="1.0" encoding="UTF-8"?>
<!-- Generated by org.testng.reporters.JUnitReportReporter -->
<testsuite hostname="piotr-TP" failures="0" tests="1" name="pl.edu.agh.kis.pz1.Main1Test" time="0.089" errors="0" timestamp="2022-11-26T23:59:28 CET" skipped="0">
  <testcase classname="pl.edu.agh.kis.pz1.Main1Test" name="shouldCreateMainObject" time="0.089"/>
  <system-out/>
</testsuite> <!-- pl.edu.agh.kis.pz1.Main1Test -->
