<?xml version="1.0" encoding="UTF-8"?>
<!-- Generated by org.testng.reporters.JUnitReportReporter -->
<testsuite hostname="piotr-TP" failures="0" tests="2" name="pl.edu.agh.kis.pz1.util.CardTest" time="0.014" errors="0" timestamp="2022-11-26T13:44:47 CET" skipped="0">
  <testcase classname="pl.edu.agh.kis.pz1.util.CardTest" name="shouldCreateCardObject" time="0.013"/>
  <system-out/>
  <testcase classname="pl.edu.agh.kis.pz1.util.CardTest" name="testCompareTo" time="0.001"/>
  <system-out/>
</testsuite> <!-- pl.edu.agh.kis.pz1.util.CardTest -->
